[14:51:25.891][INFO ] i.d.server.DefaultServerFactory - Registering jersey handler with root path prefix: /
[14:51:25.892][INFO ] i.d.server.DefaultServerFactory - Registering admin handler with root path prefix: /
[14:51:25.905][INFO ] org.hibernate.Version - HHH000412: Hibernate ORM core version 5.4.31.Final
[14:51:25.953][INFO ] o.h.annotations.common.Version - HCANN000001: Hibernate Commons Annotations {5.1.2.Final}
[14:51:25.998][WARN ] o.hibernate.orm.connections.pooling - HHH10001002: Using Hibernate built-in connection pool (not for production use!)
[14:51:26.000][INFO ] o.hibernate.orm.connections.pooling - HHH10001005: using driver [com.mysql.cj.jdbc.Driver] at URL [jdbc:mysql://localhost:3306/library_database]
[14:51:26.000][INFO ] o.hibernate.orm.connections.pooling - HHH10001001: Connection properties: {password=****, user=root}
[14:51:26.000][INFO ] o.hibernate.orm.connections.pooling - HHH10001003: Autocommit mode: false
[14:51:26.001][INFO ] o.h.e.j.c.i.DriverManagerConnectionProviderImpl - HHH000115: Hibernate connection pool size: 20 (min=1)
[14:51:26.221][INFO ] org.hibernate.dialect.Dialect - HHH000400: Using dialect: org.hibernate.dialect.MySQL8Dialect
[14:51:26.461][INFO ] o.h.e.t.j.p.i.JtaPlatformInitiator - HHH000490: Using JtaPlatform implementation: [org.hibernate.engine.transaction.jta.platform.internal.NoJtaPlatform]
[14:51:26.484][INFO ] o.f.PersonalFinanceManagerApplication - Personal Finance Management Application started successfully
[14:51:26.485][INFO ] io.dropwizard.server.ServerFactory - Starting PersonalFinanceManager
[14:51:26.513][INFO ] o.e.jetty.setuid.SetUIDListener - Opened application@32b112a1{HTTP/1.1,[http/1.1]}{0.0.0.0:8080}
[14:51:26.513][INFO ] o.e.jetty.setuid.SetUIDListener - Opened admin@5635bcd2{HTTP/1.1,[http/1.1]}{0.0.0.0:8081}
[14:51:26.514][INFO ] org.eclipse.jetty.server.Server - jetty-9.4.24.v20191120; built: 2019-11-20T21:37:49.771Z; git: 363d5f2df3a8a28de40604320230664b9c793c16; jvm 21.0.5+9-LTS-239
[14:51:26.666][INFO ] i.d.jersey.DropwizardResourceConfig - The following paths were found for the configured resources:

    POST    /Categories (org.finance2.resources.CategoryResource)
    GET     /Categories/userid/{id} (org.finance2.resources.CategoryResource)
    GET     /transactions (org.finance2.resources.TransactionResource)
    POST    /transactions (org.finance2.resources.TransactionResource)
    GET     /transactions/id/{id} (org.finance2.resources.TransactionResource)
    POST    /users (org.finance2.resources.UserResource)
    POST    /users/login (org.finance2.resources.UserResource)

[14:51:26.667][INFO ] o.e.j.server.handler.ContextHandler - Started i.d.j.MutableServletContextHandler@673a9db4{/,null,AVAILABLE}
[14:51:26.668][INFO ] io.dropwizard.setup.AdminEnvironment - tasks = 

    POST    /tasks/log-level (io.dropwizard.servlets.tasks.LogConfigurationTask)
    POST    /tasks/gc (io.dropwizard.servlets.tasks.GarbageCollectionTask)

[14:51:26.670][INFO ] o.e.j.server.handler.ContextHandler - Started i.d.j.MutableServletContextHandler@5e05a706{/,null,AVAILABLE}
[14:51:26.676][INFO ] o.e.jetty.server.AbstractConnector - Started application@32b112a1{HTTP/1.1,[http/1.1]}{0.0.0.0:8080}
[14:51:26.677][INFO ] o.e.jetty.server.AbstractConnector - Started admin@5635bcd2{HTTP/1.1,[http/1.1]}{0.0.0.0:8081}
[14:51:26.677][INFO ] org.eclipse.jetty.server.Server - Started @1459ms
